#
# A fatal error has been detected by the Java Runtime Environment:
#
#  EXCEPTION_ACCESS_VIOLATION (0xc0000005) at pc=0x00007ff8704fc5f1, pid=14632, tid=11416
#
# JRE version: Java(TM) SE Runtime Environment 18.9 (11.0.11+9) (build 11.0.11+9-LTS-194)
# Java VM: Java HotSpot(TM) 64-Bit Server VM 18.9 (11.0.11+9-LTS-194, mixed mode, tiered, compressed oops, g1 gc, windows-amd64)
# Problematic frame:
# V  [jvm.dll+0x23c5f1]
#
# No core dump will be written. Minidumps are not enabled by default on client versions of Windows
#
# If you would like to submit a bug report, please visit:
#   https://bugreport.java.com/bugreport/crash.jsp
#

---------------  S U M M A R Y ------------

Command Line: -agentlib:jdwp=transport=dt_socket,suspend=y,address=localhost:55871 -javaagent:C:\eclipse\configuration\org.eclipse.osgi\409\0\.cp\lib\javaagent-shaded.jar -Dfile.encoding=Cp1252 cursojava.executavel.ArrayVetor

Host: Intel(R) Core(TM) i7-8565U CPU @ 1.80GHz, 8 cores, 7G,  Windows 10 , 64 bit Build 19041 (10.0.19041.1023)
Time: Fri Jul  9 10:56:54 2021 Hora oficial do Brasil elapsed time: 1061.938554 seconds (0d 0h 17m 41s)

---------------  T H R E A D  ---------------

Current thread (0x00000207d3514000):  VMThread "VM Thread" [stack: 0x000000de03000000,0x000000de03100000] [id=11416]

Stack: [0x000000de03000000,0x000000de03100000],  sp=0x000000de030fe7a0,  free space=1017k
Native frames: (J=compiled Java code, j=interpreted, Vv=VM code, C=native code)
V  [jvm.dll+0x23c5f1]
V  [jvm.dll+0x31bf10]
V  [jvm.dll+0x31dc45]
V  [jvm.dll+0x31e52e]
V  [jvm.dll+0x31bd9c]
V  [jvm.dll+0x31afd2]
V  [jvm.dll+0x606525]
V  [jvm.dll+0x6062ad]
V  [jvm.dll+0x5ce1c3]
V  [jvm.dll+0x4de081]
V  [jvm.dll+0x755ecc]
V  [jvm.dll+0x754257]
V  [jvm.dll+0x754a80]
V  [jvm.dll+0x754d97]
V  [jvm.dll+0x70dfc4]
V  [jvm.dll+0x6160f6]
C  [ucrtbase.dll+0x21bb2]
C  [KERNEL32.DLL+0x17034]
C  [ntdll.dll+0x52651]


siginfo: EXCEPTION_ACCESS_VIOLATION (0xc0000005), reading address 0x00000207d4e3f4a2


Register to memory mapping:

RIP=0x00007ff8704fc5f1 jvm.dll
RAX=0x00000000000070b5 is an unknown value
RBX=0x00000207d4e06eb8 is pointing into metadata
RCX=0x00000207d4e07240 is pointing into metadata
RDX=0x00000000000070b5 is an unknown value
RSP=0x000000de030fe7a0 points into unknown readable memory: 00 e8 0f 03 de 00 00 00
RBP=0x000000de030fed50 points into unknown readable memory: 28 b3 4c d3 07 02 00 00
RSI=0x000000de030feec0 points into unknown readable memory: 58 8c b5 70 f8 7f 00 00
RDI=0x000000de030feec0 points into unknown readable memory: 58 8c b5 70 f8 7f 00 00
R8 =0x0 is NULL
R9 =0x00000207d4e06eb8 is pointing into metadata
R10=0x00007ff8702c0000 jvm.dll
R11=0x00000207d34cb030 points into unknown readable memory: 00 00 00 47 01 00 00 46
R12=0x00000207d34cb000 points into unknown readable memory: 00 64 b5 70 00 00 00 00
R13=0x0 is NULL
R14=0x00000207d4e071a8 is pointing into metadata
R15=0x0000000000000024 is an unknown value


Registers:
RAX=0x00000000000070b5, RBX=0x00000207d4e06eb8, RCX=0x00000207d4e07240, RDX=0x00000000000070b5
RSP=0x000000de030fe7a0, RBP=0x000000de030fed50, RSI=0x000000de030feec0, RDI=0x000000de030feec0
R8 =0x0000000000000000, R9 =0x00000207d4e06eb8, R10=0x00007ff8702c0000, R11=0x00000207d34cb030
R12=0x00000207d34cb000, R13=0x0000000000000000, R14=0x00000207d4e071a8, R15=0x0000000000000024
RIP=0x00007ff8704fc5f1, EFLAGS=0x0000000000010206

Top of Stack: (sp=0x000000de030fe7a0)
0x000000de030fe7a0:   000000de030fe800 0000000000000001
0x000000de030fe7b0:   00000207d446e2a0 00007ff87095781b
0x000000de030fe7c0:   0000000000000000 00007ff8705dbf10
0x000000de030fe7d0:   0000000000000000 000000de030feec0
0x000000de030fe7e0:   000000de030fedf0 00007ff870956fda
0x000000de030fe7f0:   000000de030fe850 0000000000000000
0x000000de030fe800:   00007ff870b183e8 00000207d34cb000
0x000000de030fe810:   0000000000000000 00007ff8dd0bdf4c
0x000000de030fe820:   000000de030fedf0 000000de030fedf0
0x000000de030fe830:   00000207b2610000 00000207d3ef4f28
0x000000de030fe840:   4fffffff00000000 0000000000000001
0x000000de030fe850:   00007ff870b18300 00000000000007ff
0x000000de030fe860:   0000000000000000 00000207d3ef4f30
0x000000de030fe870:   0000000000000000 00007ff8dad82437
0x000000de030fe880:   00000207d3ef4f20 00007ff87095781b
0x000000de030fe890:   000000000000037f 0000000000000000 

Instructions: (pc=0x00007ff8704fc5f1)
0x00007ff8704fc5d1:   cc cc cc cc cc cc cc cc cc cc cc cc cc cc cc 40
0x00007ff8704fc5e1:   53 48 83 ec 20 48 8b d9 e8 42 ff ff ff 48 63 d0
0x00007ff8704fc5f1:   0f b7 44 d3 42 48 8b 44 c3 40 48 83 c4 20 5b c3
0x00007ff8704fc601:   cc cc cc cc cc cc cc cc cc cc cc cc cc cc cc 4c 


Stack slot to memory mapping:
stack at sp + 0 slots: 0x000000de030fe800 points into unknown readable memory: e8 83 b1 70 f8 7f 00 00
stack at sp + 1 slots: 0x0000000000000001 is an unknown value
stack at sp + 2 slots: 0x00000207d446e2a0 points into unknown readable memory: 00 00 00 00 00 00 00 00
stack at sp + 3 slots: 0x00007ff87095781b jvm.dll
stack at sp + 4 slots: 0x0 is NULL
stack at sp + 5 slots: 0x00007ff8705dbf10 jvm.dll
stack at sp + 6 slots: 0x0 is NULL
stack at sp + 7 slots: 0x000000de030feec0 points into unknown readable memory: 58 8c b5 70 f8 7f 00 00

VM_Operation (0x000000de03aff530): GetOrSetLocal, mode: safepoint, requested by thread 0x00000207d421c800


---------------  P R O C E S S  ---------------

Threads class SMR info:
_java_thread_list=0x00000207d419bbd0, length=13, elements={
0x00000207b47ee000, 0x00000207d3537000, 0x00000207d3540000, 0x00000207d354d800,
0x00000207d354f800, 0x00000207d3553800, 0x00000207d355e000, 0x00000207d3edc000,
0x00000207d4040800, 0x00000207d421c800, 0x00000207d41e6000, 0x00000207d41e7800,
0x00000207d4433800
}

Java Threads: ( => current thread )
  0x00000207b47ee000 JavaThread "main" [_thread_blocked, id=8660, stack(0x000000de02a00000,0x000000de02b00000)]
  0x00000207d3537000 JavaThread "Reference Handler" daemon [_thread_blocked, id=17724, stack(0x000000de03100000,0x000000de03200000)]
  0x00000207d3540000 JavaThread "Finalizer" daemon [_thread_blocked, id=13016, stack(0x000000de03200000,0x000000de03300000)]
  0x00000207d354d800 JavaThread "Signal Dispatcher" daemon [_thread_blocked, id=16844, stack(0x000000de03300000,0x000000de03400000)]
  0x00000207d354f800 JavaThread "Attach Listener" daemon [_thread_blocked, id=15344, stack(0x000000de03400000,0x000000de03500000)]
  0x00000207d3553800 JavaThread "C2 CompilerThread0" daemon [_thread_blocked, id=10924, stack(0x000000de03500000,0x000000de03600000)]
  0x00000207d355e000 JavaThread "C1 CompilerThread0" daemon [_thread_blocked, id=14720, stack(0x000000de03600000,0x000000de03700000)]
  0x00000207d3edc000 JavaThread "Sweeper thread" daemon [_thread_blocked, id=6952, stack(0x000000de03700000,0x000000de03800000)]
  0x00000207d4040800 JavaThread "Common-Cleaner" daemon [_thread_blocked, id=11048, stack(0x000000de03800000,0x000000de03900000)]
  0x00000207d421c800 JavaThread "JDWP Transport Listener: dt_socket" daemon [_thread_blocked, id=12292, stack(0x000000de03a00000,0x000000de03b00000)] _threads_hazard_ptr=0x00000207d419bbd0
  0x00000207d41e6000 JavaThread "JDWP Event Helper Thread" daemon [_thread_blocked, id=8336, stack(0x000000de03b00000,0x000000de03c00000)]
  0x00000207d41e7800 JavaThread "JDWP Command Reader" daemon [_thread_in_native, id=4116, stack(0x000000de03c00000,0x000000de03d00000)]
  0x00000207d4433800 JavaThread "Service Thread" daemon [_thread_blocked, id=15288, stack(0x000000de03e00000,0x000000de03f00000)]

Other Threads:
=>0x00000207d3514000 VMThread "VM Thread" [stack: 0x000000de03000000,0x000000de03100000] [id=11416]
  0x00000207d4476800 WatcherThread [stack: 0x000000de03f00000,0x000000de04000000] [id=3112]
  0x00000207b4801800 GCTaskThread "GC Thread#0" [stack: 0x000000de02b00000,0x000000de02c00000] [id=5392]
  0x00000207b4832800 ConcurrentGCThread "G1 Main Marker" [stack: 0x000000de02c00000,0x000000de02d00000] [id=13260]
  0x00000207b483a800 ConcurrentGCThread "G1 Conc#0" [stack: 0x000000de02d00000,0x000000de02e00000] [id=11736]
  0x00000207d3380800 ConcurrentGCThread "G1 Refine#0" [stack: 0x000000de02e00000,0x000000de02f00000] [id=18284]
  0x00000207d3381000 ConcurrentGCThread "G1 Young RemSet Sampling" [stack: 0x000000de02f00000,0x000000de03000000] [id=6040]

Threads with active compile tasks:

VM state:at safepoint (normal execution)

VM Mutex/Monitor currently owned by a thread:  ([mutex/lock_event])
[0x00000207b47e9f40] Threads_lock - owner thread: 0x00000207d3514000

Heap address: 0x0000000081e00000, size: 2018 MB, Compressed Oops mode: 32-bit
Narrow klass base: 0x0000000000000000, Narrow klass shift: 3
Compressed class space size: 1073741824 Address: 0x0000000100000000

Heap:
 garbage-first heap   total 131072K, used 5120K [0x0000000081e00000, 0x0000000100000000)
  region size 1024K, 7 young (7168K), 0 survivors (0K)
 Metaspace       used 9137K, capacity 9280K, committed 9344K, reserved 1058816K
  class space    used 817K, capacity 876K, committed 896K, reserved 1048576K
Heap Regions: E=young(eden), S=young(survivor), O=old, HS=humongous(starts), HC=humongous(continues), CS=collection set, F=free, A=archive, TAMS=top-at-mark-start (previous, next)
|   0|0x0000000081e00000, 0x0000000081e00000, 0x0000000081f00000|  0%| F|  |TAMS 0x0000000081e00000, 0x0000000081e00000| Untracked 
|   1|0x0000000081f00000, 0x0000000081f00000, 0x0000000082000000|  0%| F|  |TAMS 0x0000000081f00000, 0x0000000081f00000| Untracked 
|   2|0x0000000082000000, 0x0000000082000000, 0x0000000082100000|  0%| F|  |TAMS 0x0000000082000000, 0x0000000082000000| Untracked 
|   3|0x0000000082100000, 0x0000000082100000, 0x0000000082200000|  0%| F|  |TAMS 0x0000000082100000, 0x0000000082100000| Untracked 
|   4|0x0000000082200000, 0x0000000082200000, 0x0000000082300000|  0%| F|  |TAMS 0x0000000082200000, 0x0000000082200000| Untracked 
|   5|0x0000000082300000, 0x0000000082300000, 0x0000000082400000|  0%| F|  |TAMS 0x0000000082300000, 0x0000000082300000| Untracked 
|   6|0x0000000082400000, 0x0000000082400000, 0x0000000082500000|  0%| F|  |TAMS 0x0000000082400000, 0x0000000082400000| Untracked 
|   7|0x0000000082500000, 0x0000000082500000, 0x0000000082600000|  0%| F|  |TAMS 0x0000000082500000, 0x0000000082500000| Untracked 
|   8|0x0000000082600000, 0x0000000082600000, 0x0000000082700000|  0%| F|  |TAMS 0x0000000082600000, 0x0000000082600000| Untracked 
|   9|0x0000000082700000, 0x0000000082700000, 0x0000000082800000|  0%| F|  |TAMS 0x0000000082700000, 0x0000000082700000| Untracked 
|  10|0x0000000082800000, 0x0000000082800000, 0x0000000082900000|  0%| F|  |TAMS 0x0000000082800000, 0x0000000082800000| Untracked 
|  11|0x0000000082900000, 0x0000000082900000, 0x0000000082a00000|  0%| F|  |TAMS 0x0000000082900000, 0x0000000082900000| Untracked 
|  12|0x0000000082a00000, 0x0000000082a00000, 0x0000000082b00000|  0%| F|  |TAMS 0x0000000082a00000, 0x0000000082a00000| Untracked 
|  13|0x0000000082b00000, 0x0000000082b00000, 0x0000000082c00000|  0%| F|  |TAMS 0x0000000082b00000, 0x0000000082b00000| Untracked 
|  14|0x0000000082c00000, 0x0000000082c00000, 0x0000000082d00000|  0%| F|  |TAMS 0x0000000082c00000, 0x0000000082c00000| Untracked 
|  15|0x0000000082d00000, 0x0000000082d00000, 0x0000000082e00000|  0%| F|  |TAMS 0x0000000082d00000, 0x0000000082d00000| Untracked 
|  16|0x0000000082e00000, 0x0000000082e00000, 0x0000000082f00000|  0%| F|  |TAMS 0x0000000082e00000, 0x0000000082e00000| Untracked 
|  17|0x0000000082f00000, 0x0000000082f00000, 0x0000000083000000|  0%| F|  |TAMS 0x0000000082f00000, 0x0000000082f00000| Untracked 
|  18|0x0000000083000000, 0x0000000083000000, 0x0000000083100000|  0%| F|  |TAMS 0x0000000083000000, 0x0000000083000000| Untracked 
|  19|0x0000000083100000, 0x0000000083100000, 0x0000000083200000|  0%| F|  |TAMS 0x0000000083100000, 0x0000000083100000| Untracked 
|  20|0x0000000083200000, 0x0000000083200000, 0x0000000083300000|  0%| F|  |TAMS 0x0000000083200000, 0x0000000083200000| Untracked 
|  21|0x0000000083300000, 0x0000000083300000, 0x0000000083400000|  0%| F|  |TAMS 0x0000000083300000, 0x0000000083300000| Untracked 
|  22|0x0000000083400000, 0x0000000083400000, 0x0000000083500000|  0%| F|  |TAMS 0x0000000083400000, 0x0000000083400000| Untracked 
|  23|0x0000000083500000, 0x0000000083500000, 0x0000000083600000|  0%| F|  |TAMS 0x0000000083500000, 0x0000000083500000| Untracked 
|  24|0x0000000083600000, 0x0000000083600000, 0x0000000083700000|  0%| F|  |TAMS 0x0000000083600000, 0x0000000083600000| Untracked 
|  25|0x0000000083700000, 0x0000000083700000, 0x0000000083800000|  0%| F|  |TAMS 0x0000000083700000, 0x0000000083700000| Untracked 
|  26|0x0000000083800000, 0x0000000083800000, 0x0000000083900000|  0%| F|  |TAMS 0x0000000083800000, 0x0000000083800000| Untracked 
|  27|0x0000000083900000, 0x0000000083900000, 0x0000000083a00000|  0%| F|  |TAMS 0x0000000083900000, 0x0000000083900000| Untracked 
|  28|0x0000000083a00000, 0x0000000083a00000, 0x0000000083b00000|  0%| F|  |TAMS 0x0000000083a00000, 0x0000000083a00000| Untracked 
|  29|0x0000000083b00000, 0x0000000083b00000, 0x0000000083c00000|  0%| F|  |TAMS 0x0000000083b00000, 0x0000000083b00000| Untracked 
|  30|0x0000000083c00000, 0x0000000083c00000, 0x0000000083d00000|  0%| F|  |TAMS 0x0000000083c00000, 0x0000000083c00000| Untracked 
|  31|0x0000000083d00000, 0x0000000083d00000, 0x0000000083e00000|  0%| F|  |TAMS 0x0000000083d00000, 0x0000000083d00000| Untracked 
|  32|0x0000000083e00000, 0x0000000083e00000, 0x0000000083f00000|  0%| F|  |TAMS 0x0000000083e00000, 0x0000000083e00000| Untracked 
|  33|0x0000000083f00000, 0x0000000083f00000, 0x0000000084000000|  0%| F|  |TAMS 0x0000000083f00000, 0x0000000083f00000| Untracked 
|  34|0x0000000084000000, 0x0000000084000000, 0x0000000084100000|  0%| F|  |TAMS 0x0000000084000000, 0x0000000084000000| Untracked 
|  35|0x0000000084100000, 0x0000000084100000, 0x0000000084200000|  0%| F|  |TAMS 0x0000000084100000, 0x0000000084100000| Untracked 
|  36|0x0000000084200000, 0x0000000084200000, 0x0000000084300000|  0%| F|  |TAMS 0x0000000084200000, 0x0000000084200000| Untracked 
|  37|0x0000000084300000, 0x0000000084300000, 0x0000000084400000|  0%| F|  |TAMS 0x0000000084300000, 0x0000000084300000| Untracked 
|  38|0x0000000084400000, 0x0000000084400000, 0x0000000084500000|  0%| F|  |TAMS 0x0000000084400000, 0x0000000084400000| Untracked 
|  39|0x0000000084500000, 0x0000000084500000, 0x0000000084600000|  0%| F|  |TAMS 0x0000000084500000, 0x0000000084500000| Untracked 
|  40|0x0000000084600000, 0x0000000084600000, 0x0000000084700000|  0%| F|  |TAMS 0x0000000084600000, 0x0000000084600000| Untracked 
|  41|0x0000000084700000, 0x0000000084700000, 0x0000000084800000|  0%| F|  |TAMS 0x0000000084700000, 0x0000000084700000| Untracked 
|  42|0x0000000084800000, 0x0000000084800000, 0x0000000084900000|  0%| F|  |TAMS 0x0000000084800000, 0x0000000084800000| Untracked 
|  43|0x0000000084900000, 0x0000000084900000, 0x0000000084a00000|  0%| F|  |TAMS 0x0000000084900000, 0x0000000084900000| Untracked 
|  44|0x0000000084a00000, 0x0000000084a00000, 0x0000000084b00000|  0%| F|  |TAMS 0x0000000084a00000, 0x0000000084a00000| Untracked 
|  45|0x0000000084b00000, 0x0000000084b00000, 0x0000000084c00000|  0%| F|  |TAMS 0x0000000084b00000, 0x0000000084b00000| Untracked 
|  46|0x0000000084c00000, 0x0000000084c00000, 0x0000000084d00000|  0%| F|  |TAMS 0x0000000084c00000, 0x0000000084c00000| Untracked 
|  47|0x0000000084d00000, 0x0000000084d00000, 0x0000000084e00000|  0%| F|  |TAMS 0x0000000084d00000, 0x0000000084d00000| Untracked 
|  48|0x0000000084e00000, 0x0000000084e00000, 0x0000000084f00000|  0%| F|  |TAMS 0x0000000084e00000, 0x0000000084e00000| Untracked 
|  49|0x0000000084f00000, 0x0000000084f00000, 0x0000000085000000|  0%| F|  |TAMS 0x0000000084f00000, 0x0000000084f00000| Untracked 
|  50|0x0000000085000000, 0x0000000085000000, 0x0000000085100000|  0%| F|  |TAMS 0x0000000085000000, 0x0000000085000000| Untracked 
|  51|0x0000000085100000, 0x0000000085100000, 0x0000000085200000|  0%| F|  |TAMS 0x0000000085100000, 0x0000000085100000| Untracked 
|  52|0x0000000085200000, 0x0000000085200000, 0x0000000085300000|  0%| F|  |TAMS 0x0000000085200000, 0x0000000085200000| Untracked 
|  53|0x0000000085300000, 0x0000000085300000, 0x0000000085400000|  0%| F|  |TAMS 0x0000000085300000, 0x0000000085300000| Untracked 
|  54|0x0000000085400000, 0x0000000085400000, 0x0000000085500000|  0%| F|  |TAMS 0x0000000085400000, 0x0000000085400000| Untracked 
|  55|0x0000000085500000, 0x0000000085500000, 0x0000000085600000|  0%| F|  |TAMS 0x0000000085500000, 0x0000000085500000| Untracked 
|  56|0x0000000085600000, 0x0000000085600000, 0x0000000085700000|  0%| F|  |TAMS 0x0000000085600000, 0x0000000085600000| Untracked 
|  57|0x0000000085700000, 0x0000000085700000, 0x0000000085800000|  0%| F|  |TAMS 0x0000000085700000, 0x0000000085700000| Untracked 
|  58|0x0000000085800000, 0x0000000085800000, 0x0000000085900000|  0%| F|  |TAMS 0x0000000085800000, 0x0000000085800000| Untracked 
|  59|0x0000000085900000, 0x0000000085900000, 0x0000000085a00000|  0%| F|  |TAMS 0x0000000085900000, 0x0000000085900000| Untracked 
|  60|0x0000000085a00000, 0x0000000085a00000, 0x0000000085b00000|  0%| F|  |TAMS 0x0000000085a00000, 0x0000000085a00000| Untracked 
|  61|0x0000000085b00000, 0x0000000085b00000, 0x0000000085c00000|  0%| F|  |TAMS 0x0000000085b00000, 0x0000000085b00000| Untracked 
|  62|0x0000000085c00000, 0x0000000085c00000, 0x0000000085d00000|  0%| F|  |TAMS 0x0000000085c00000, 0x0000000085c00000| Untracked 
|  63|0x0000000085d00000, 0x0000000085d00000, 0x0000000085e00000|  0%| F|  |TAMS 0x0000000085d00000, 0x0000000085d00000| Untracked 
|  64|0x0000000085e00000, 0x0000000085e00000, 0x0000000085f00000|  0%| F|  |TAMS 0x0000000085e00000, 0x0000000085e00000| Untracked 
|  65|0x0000000085f00000, 0x0000000085f00000, 0x0000000086000000|  0%| F|  |TAMS 0x0000000085f00000, 0x0000000085f00000| Untracked 
|  66|0x0000000086000000, 0x0000000086000000, 0x0000000086100000|  0%| F|  |TAMS 0x0000000086000000, 0x0000000086000000| Untracked 
|  67|0x0000000086100000, 0x0000000086100000, 0x0000000086200000|  0%| F|  |TAMS 0x0000000086100000, 0x0000000086100000| Untracked 
|  68|0x0000000086200000, 0x0000000086200000, 0x0000000086300000|  0%| F|  |TAMS 0x0000000086200000, 0x0000000086200000| Untracked 
|  69|0x0000000086300000, 0x0000000086300000, 0x0000000086400000|  0%| F|  |TAMS 0x0000000086300000, 0x0000000086300000| Untracked 
|  70|0x0000000086400000, 0x0000000086400000, 0x0000000086500000|  0%| F|  |TAMS 0x0000000086400000, 0x0000000086400000| Untracked 
|  71|0x0000000086500000, 0x0000000086500000, 0x0000000086600000|  0%| F|  |TAMS 0x0000000086500000, 0x0000000086500000| Untracked 
|  72|0x0000000086600000, 0x0000000086600000, 0x0000000086700000|  0%| F|  |TAMS 0x0000000086600000, 0x0000000086600000| Untracked 
|  73|0x0000000086700000, 0x0000000086700000, 0x0000000086800000|  0%| F|  |TAMS 0x0000000086700000, 0x0000000086700000| Untracked 
|  74|0x0000000086800000, 0x0000000086800000, 0x0000000086900000|  0%| F|  |TAMS 0x0000000086800000, 0x0000000086800000| Untracked 
|  75|0x0000000086900000, 0x0000000086900000, 0x0000000086a00000|  0%| F|  |TAMS 0x0000000086900000, 0x0000000086900000| Untracked 
|  76|0x0000000086a00000, 0x0000000086a00000, 0x0000000086b00000|  0%| F|  |TAMS 0x0000000086a00000, 0x0000000086a00000| Untracked 
|  77|0x0000000086b00000, 0x0000000086b00000, 0x0000000086c00000|  0%| F|  |TAMS 0x0000000086b00000, 0x0000000086b00000| Untracked 
|  78|0x0000000086c00000, 0x0000000086c00000, 0x0000000086d00000|  0%| F|  |TAMS 0x0000000086c00000, 0x0000000086c00000| Untracked 
|  79|0x0000000086d00000, 0x0000000086d00000, 0x0000000086e00000|  0%| F|  |TAMS 0x0000000086d00000, 0x0000000086d00000| Untracked 
|  80|0x0000000086e00000, 0x0000000086e00000, 0x0000000086f00000|  0%| F|  |TAMS 0x0000000086e00000, 0x0000000086e00000| Untracked 
|  81|0x0000000086f00000, 0x0000000086f00000, 0x0000000087000000|  0%| F|  |TAMS 0x0000000086f00000, 0x0000000086f00000| Untracked 
|  82|0x0000000087000000, 0x0000000087000000, 0x0000000087100000|  0%| F|  |TAMS 0x0000000087000000, 0x0000000087000000| Untracked 
|  83|0x0000000087100000, 0x0000000087100000, 0x0000000087200000|  0%| F|  |TAMS 0x0000000087100000, 0x0000000087100000| Untracked 
|  84|0x0000000087200000, 0x0000000087200000, 0x0000000087300000|  0%| F|  |TAMS 0x0000000087200000, 0x0000000087200000| Untracked 
|  85|0x0000000087300000, 0x0000000087300000, 0x0000000087400000|  0%| F|  |TAMS 0x0000000087300000, 0x0000000087300000| Untracked 
|  86|0x0000000087400000, 0x0000000087400000, 0x0000000087500000|  0%| F|  |TAMS 0x0000000087400000, 0x0000000087400000| Untracked 
|  87|0x0000000087500000, 0x0000000087500000, 0x0000000087600000|  0%| F|  |TAMS 0x0000000087500000, 0x0000000087500000| Untracked 
|  88|0x0000000087600000, 0x0000000087600000, 0x0000000087700000|  0%| F|  |TAMS 0x0000000087600000, 0x0000000087600000| Untracked 
|  89|0x0000000087700000, 0x0000000087700000, 0x0000000087800000|  0%| F|  |TAMS 0x0000000087700000, 0x0000000087700000| Untracked 
|  90|0x0000000087800000, 0x0000000087800000, 0x0000000087900000|  0%| F|  |TAMS 0x0000000087800000, 0x0000000087800000| Untracked 
|  91|0x0000000087900000, 0x0000000087900000, 0x0000000087a00000|  0%| F|  |TAMS 0x0000000087900000, 0x0000000087900000| Untracked 
|  92|0x0000000087a00000, 0x0000000087a00000, 0x0000000087b00000|  0%| F|  |TAMS 0x0000000087a00000, 0x0000000087a00000| Untracked 
|  93|0x0000000087b00000, 0x0000000087b00000, 0x0000000087c00000|  0%| F|  |TAMS 0x0000000087b00000, 0x0000000087b00000| Untracked 
|  94|0x0000000087c00000, 0x0000000087c00000, 0x0000000087d00000|  0%| F|  |TAMS 0x0000000087c00000, 0x0000000087c00000| Untracked 
|  95|0x0000000087d00000, 0x0000000087d00000, 0x0000000087e00000|  0%| F|  |TAMS 0x0000000087d00000, 0x0000000087d00000| Untracked 
|  96|0x0000000087e00000, 0x0000000087e00000, 0x0000000087f00000|  0%| F|  |TAMS 0x0000000087e00000, 0x0000000087e00000| Untracked 
|  97|0x0000000087f00000, 0x0000000087f00000, 0x0000000088000000|  0%| F|  |TAMS 0x0000000087f00000, 0x0000000087f00000| Untracked 
|  98|0x0000000088000000, 0x0000000088000000, 0x0000000088100000|  0%| F|  |TAMS 0x0000000088000000, 0x0000000088000000| Untracked 
|  99|0x0000000088100000, 0x0000000088100000, 0x0000000088200000|  0%| F|  |TAMS 0x0000000088100000, 0x0000000088100000| Untracked 
| 100|0x0000000088200000, 0x0000000088200000, 0x0000000088300000|  0%| F|  |TAMS 0x0000000088200000, 0x0000000088200000| Untracked 
| 101|0x0000000088300000, 0x0000000088300000, 0x0000000088400000|  0%| F|  |TAMS 0x0000000088300000, 0x0000000088300000| Untracked 
| 102|0x0000000088400000, 0x0000000088400000, 0x0000000088500000|  0%| F|  |TAMS 0x0000000088400000, 0x0000000088400000| Untracked 
| 103|0x0000000088500000, 0x0000000088500000, 0x0000000088600000|  0%| F|  |TAMS 0x0000000088500000, 0x0000000088500000| Untracked 
| 104|0x0000000088600000, 0x0000000088600000, 0x0000000088700000|  0%| F|  |TAMS 0x0000000088600000, 0x0000000088600000| Untracked 
| 105|0x0000000088700000, 0x0000000088700000, 0x0000000088800000|  0%| F|  |TAMS 0x0000000088700000, 0x0000000088700000| Untracked 
| 106|0x0000000088800000, 0x0000000088800000, 0x0000000088900000|  0%| F|  |TAMS 0x0000000088800000, 0x0000000088800000| Untracked 
| 107|0x0000000088900000, 0x0000000088900000, 0x0000000088a00000|  0%| F|  |TAMS 0x0000000088900000, 0x0000000088900000| Untracked 
| 108|0x0000000088a00000, 0x0000000088a00000, 0x0000000088b00000|  0%| F|  |TAMS 0x0000000088a00000, 0x0000000088a00000| Untracked 
| 109|0x0000000088b00000, 0x0000000088b00000, 0x0000000088c00000|  0%| F|  |TAMS 0x0000000088b00000, 0x0000000088b00000| Untracked 
| 110|0x0000000088c00000, 0x0000000088c00000, 0x0000000088d00000|  0%| F|  |TAMS 0x0000000088c00000, 0x0000000088c00000| Untracked 
| 111|0x0000000088d00000, 0x0000000088d00000, 0x0000000088e00000|  0%| F|  |TAMS 0x0000000088d00000, 0x0000000088d00000| Untracked 
| 112|0x0000000088e00000, 0x0000000088e00000, 0x0000000088f00000|  0%| F|  |TAMS 0x0000000088e00000, 0x0000000088e00000| Untracked 
| 113|0x0000000088f00000, 0x0000000088f00000, 0x0000000089000000|  0%| F|  |TAMS 0x0000000088f00000, 0x0000000088f00000| Untracked 
| 114|0x0000000089000000, 0x0000000089000000, 0x0000000089100000|  0%| F|  |TAMS 0x0000000089000000, 0x0000000089000000| Untracked 
| 115|0x0000000089100000, 0x0000000089100000, 0x0000000089200000|  0%| F|  |TAMS 0x0000000089100000, 0x0000000089100000| Untracked 
| 116|0x0000000089200000, 0x0000000089200000, 0x0000000089300000|  0%| F|  |TAMS 0x0000000089200000, 0x0000000089200000| Untracked 
| 117|0x0000000089300000, 0x0000000089300000, 0x0000000089400000|  0%| F|  |TAMS 0x0000000089300000, 0x0000000089300000| Untracked 
| 118|0x0000000089400000, 0x0000000089400000, 0x0000000089500000|  0%| F|  |TAMS 0x0000000089400000, 0x0000000089400000| Untracked 
| 119|0x0000000089500000, 0x0000000089500000, 0x0000000089600000|  0%| F|  |TAMS 0x0000000089500000, 0x0000000089500000| Untracked 
| 120|0x0000000089600000, 0x0000000089600000, 0x0000000089700000|  0%| F|  |TAMS 0x0000000089600000, 0x0000000089600000| Untracked 
| 121|0x0000000089700000, 0x000000008977ca48, 0x0000000089800000| 48%| E|  |TAMS 0x0000000089700000, 0x0000000089700000| Complete 
| 122|0x0000000089800000, 0x0000000089900000, 0x0000000089900000|100%| E|CS|TAMS 0x0000000089800000, 0x0000000089800000| Complete 
| 123|0x0000000089900000, 0x0000000089a00000, 0x0000000089a00000|100%| E|  |TAMS 0x0000000089900000, 0x0000000089900000| Complete 
| 124|0x0000000089a00000, 0x0000000089b00000, 0x0000000089b00000|100%| E|CS|TAMS 0x0000000089a00000, 0x0000000089a00000| Complete 
| 125|0x0000000089b00000, 0x0000000089c00000, 0x0000000089c00000|100%| E|CS|TAMS 0x0000000089b00000, 0x0000000089b00000| Complete 
| 126|0x0000000089c00000, 0x0000000089d00000, 0x0000000089d00000|100%| E|CS|TAMS 0x0000000089c00000, 0x0000000089c00000| Complete 
| 127|0x0000000089d00000, 0x0000000089e00000, 0x0000000089e00000|100%| E|CS|TAMS 0x0000000089d00000, 0x0000000089d00000| Complete 

Card table byte_map: [0x00000207cc3d0000,0x00000207cc7d0000] _byte_map_base: 0x00000207cbfc1000

Marking Bits (Prev, Next): (CMBitMap*) 0x00000207b4829cd8, (CMBitMap*) 0x00000207b4829d10
 Prev Bits: [0x00000207ccbd0000, 0x00000207ceb58000)
 Next Bits: [0x00000207ceb60000, 0x00000207d0ae8000)

Polling page: 0x00000207b27b0000

Metaspace:

Usage:
  Non-class:      8.21 MB capacity,     8.12 MB ( 99%) used,    76.98 KB ( <1%) free+waste,     7.19 KB ( <1%) overhead. 
      Class:    876.00 KB capacity,   817.51 KB ( 93%) used,    55.55 KB (  6%) free+waste,     2.94 KB ( <1%) overhead. 
       Both:      9.06 MB capacity,     8.92 MB ( 98%) used,   132.54 KB (  1%) free+waste,    10.13 KB ( <1%) overhead. 

Virtual space:
  Non-class space:       10.00 MB reserved,       8.25 MB ( 83%) committed 
      Class space:        1.00 GB reserved,     896.00 KB ( <1%) committed 
             Both:        1.01 GB reserved,       9.13 MB ( <1%) committed 

Chunk freelists:
   Non-Class:  5.50 KB
       Class:  2.50 KB
        Both:  8.00 KB

CodeHeap 'non-profiled nmethods': size=120000Kb used=147Kb max_used=147Kb free=119852Kb
 bounds [0x00000207c4770000, 0x00000207c49e0000, 0x00000207cbca0000]
CodeHeap 'profiled nmethods': size=120000Kb used=634Kb max_used=634Kb free=119365Kb
 bounds [0x00000207bd240000, 0x00000207bd4b0000, 0x00000207c4770000]
CodeHeap 'non-nmethods': size=5760Kb used=1145Kb max_used=1167Kb free=4614Kb
 bounds [0x00000207bcca0000, 0x00000207bcf10000, 0x00000207bd240000]
 total_blobs=823 nmethods=465 adapters=278
 compilation: enabled
              stopped_count=0, restarted_count=0
 full_count=0

Compilation events (10 events):
Event: 209.942 Thread 0x00000207d355e000  460       3       java.lang.StringUTF16::compress (20 bytes)
Event: 209.943 Thread 0x00000207d355e000 nmethod 460 0x00000207bd2dd310 code [0x00000207bd2dd4c0, 0x00000207bd2dd6e8]
Event: 952.153 Thread 0x00000207d355e000  462       3       org.eclipse.jdt.launching.internal.org.objectweb.asm.ByteVector::putShort (52 bytes)
Event: 952.155 Thread 0x00000207d355e000 nmethod 462 0x00000207bd2dd790 code [0x00000207bd2dd940, 0x00000207bd2ddb48]
Event: 1028.475 Thread 0x00000207d355e000  463       3       org.eclipse.jdt.launching.internal.org.objectweb.asm.SymbolTable::get (13 bytes)
Event: 1028.476 Thread 0x00000207d355e000 nmethod 463 0x00000207bd2ddc90 code [0x00000207bd2dde40, 0x00000207bd2ddf98]
Event: 1028.476 Thread 0x00000207d355e000  464       3       org.eclipse.jdt.launching.internal.org.objectweb.asm.ByteVector::putByte (39 bytes)
Event: 1028.476 Thread 0x00000207d355e000 nmethod 464 0x00000207bd2de090 code [0x00000207bd2de240, 0x00000207bd2de428]
Event: 1028.476 Thread 0x00000207d355e000  465       3       org.eclipse.jdt.launching.internal.org.objectweb.asm.SymbolTable::hash (10 bytes)
Event: 1028.478 Thread 0x00000207d355e000 nmethod 465 0x00000207bd2de590 code [0x00000207bd2de740, 0x00000207bd2de868]

GC Heap History (0 events):
No events

Deoptimization events (2 events):
Event: 0.180 Thread 0x00000207b47ee000 Uncommon trap: reason=unstable_if action=reinterpret pc=0x00000207c477cc64 method=java.util.HashMap.putVal(ILjava/lang/Object;Ljava/lang/Object;ZZ)Ljava/lang/Object; @ 181 c2
Event: 0.264 Thread 0x00000207b47ee000 Uncommon trap: reason=unstable_if action=reinterpret pc=0x00000207c477d5f0 method=java.lang.String.isLatin1()Z @ 10 c2

Classes redefined (4 events):
Event: 209.942 Thread 0x00000207d3514000 redefined class name=cursojava.executavel.ArrayVetor, count=1
Event: 728.368 Thread 0x00000207d3514000 redefined class name=cursojava.executavel.ArrayVetor, count=2
Event: 952.154 Thread 0x00000207d3514000 redefined class name=cursojava.executavel.ArrayVetor, count=3
Event: 1028.477 Thread 0x00000207d3514000 redefined class name=cursojava.executavel.ArrayVetor, count=4

Internal exceptions (0 events):
No events

Events (10 events):
Event: 1058.633 Executing VM operation: GetOwnedMonitorInfo done
Event: 1058.633 Executing VM operation: GetCurrentContendedMonitor
Event: 1058.633 Executing VM operation: GetCurrentContendedMonitor done
Event: 1058.690 Executing VM operation: GetFrameCount
Event: 1058.690 Executing VM operation: GetFrameCount done
Event: 1058.691 Executing VM operation: GetOwnedMonitorInfo
Event: 1058.691 Executing VM operation: GetOwnedMonitorInfo done
Event: 1058.691 Executing VM operation: GetCurrentContendedMonitor
Event: 1058.691 Executing VM operation: GetCurrentContendedMonitor done
Event: 1061.922 Executing VM operation: GetOrSetLocal


Dynamic libraries:
0x00007ff7c4700000 - 0x00007ff7c470f000 	C:\Program Files\Java\jdk-11.0.11\bin\javaw.exe
0x00007ff8dd090000 - 0x00007ff8dd285000 	C:\WINDOWS\SYSTEM32\ntdll.dll
0x00007ff89a760000 - 0x00007ff89a773000 	C:\Program Files\Avast Software\Avast\aswhook.dll
0x00007ff8dc120000 - 0x00007ff8dc1dd000 	C:\WINDOWS\System32\KERNEL32.DLL
0x00007ff8daa00000 - 0x00007ff8dacc8000 	C:\WINDOWS\System32\KERNELBASE.dll
0x00007ff8dad70000 - 0x00007ff8dae70000 	C:\WINDOWS\System32\ucrtbase.dll
0x00007ff8c97b0000 - 0x00007ff8c97c5000 	C:\Program Files\Java\jdk-11.0.11\bin\VCRUNTIME140.dll
0x00007ff8c97d0000 - 0x00007ff8c97e8000 	C:\Program Files\Java\jdk-11.0.11\bin\jli.dll
0x00007ff8dc070000 - 0x00007ff8dc11c000 	C:\WINDOWS\System32\ADVAPI32.dll
0x00007ff8dcf20000 - 0x00007ff8dcfbe000 	C:\WINDOWS\System32\msvcrt.dll
0x00007ff8dbf70000 - 0x00007ff8dc00b000 	C:\WINDOWS\System32\sechost.dll
0x00007ff8db1d0000 - 0x00007ff8db2fb000 	C:\WINDOWS\System32\RPCRT4.dll
0x00007ff8dc920000 - 0x00007ff8dcac0000 	C:\WINDOWS\System32\USER32.dll
0x00007ff8db0d0000 - 0x00007ff8db0f2000 	C:\WINDOWS\System32\win32u.dll
0x00007ff8dbe80000 - 0x00007ff8dbeaa000 	C:\WINDOWS\System32\GDI32.dll
0x00007ff8bbb30000 - 0x00007ff8bbdca000 	C:\WINDOWS\WinSxS\amd64_microsoft.windows.common-controls_6595b64144ccf1df_6.0.19041.1052_none_60b8f8fd71f5e8cb\COMCTL32.dll
0x00007ff8da7d0000 - 0x00007ff8da8db000 	C:\WINDOWS\System32\gdi32full.dll
0x00007ff8dacd0000 - 0x00007ff8dad6d000 	C:\WINDOWS\System32\msvcp_win.dll
0x00007ff8ce790000 - 0x00007ff8ce79a000 	C:\WINDOWS\SYSTEM32\VERSION.dll
0x00007ff8dd020000 - 0x00007ff8dd050000 	C:\WINDOWS\System32\IMM32.DLL
0x00007ff8808f0000 - 0x00007ff88098b000 	C:\Program Files\Java\jdk-11.0.11\bin\msvcp140.dll
0x00007ff8702c0000 - 0x00007ff870dbe000 	C:\Program Files\Java\jdk-11.0.11\bin\server\jvm.dll
0x00007ff8dbe70000 - 0x00007ff8dbe78000 	C:\WINDOWS\System32\PSAPI.DLL
0x00007ff8c1710000 - 0x00007ff8c1719000 	C:\WINDOWS\SYSTEM32\WSOCK32.dll
0x00007ff8bbe70000 - 0x00007ff8bbe97000 	C:\WINDOWS\SYSTEM32\WINMM.dll
0x00007ff8dceb0000 - 0x00007ff8dcf1b000 	C:\WINDOWS\System32\WS2_32.dll
0x00007ff8d8720000 - 0x00007ff8d8732000 	C:\WINDOWS\SYSTEM32\kernel.appcore.dll
0x00007ff8d7160000 - 0x00007ff8d7170000 	C:\Program Files\Java\jdk-11.0.11\bin\verify.dll
0x00007ff8d7e60000 - 0x00007ff8d8044000 	C:\WINDOWS\SYSTEM32\DBGHELP.DLL
0x00007ff8cdab0000 - 0x00007ff8cdadc000 	C:\WINDOWS\SYSTEM32\dbgcore.DLL
0x00007ff8da970000 - 0x00007ff8da9f3000 	C:\WINDOWS\System32\bcryptPrimitives.dll
0x00007ff8aedb0000 - 0x00007ff8aedd8000 	C:\Program Files\Java\jdk-11.0.11\bin\java.dll
0x00007ff8cb740000 - 0x00007ff8cb74a000 	C:\Program Files\Java\jdk-11.0.11\bin\jimage.dll
0x00007ff89cf70000 - 0x00007ff89cfa8000 	C:\Program Files\Java\jdk-11.0.11\bin\jdwp.dll
0x00007ff8ca620000 - 0x00007ff8ca62e000 	C:\Program Files\Java\jdk-11.0.11\bin\instrument.dll
0x00007ff8aec80000 - 0x00007ff8aec96000 	C:\Program Files\Java\jdk-11.0.11\bin\zip.dll
0x00007ff8db6b0000 - 0x00007ff8dbdef000 	C:\WINDOWS\System32\SHELL32.dll
0x00007ff8d8920000 - 0x00007ff8d90b0000 	C:\WINDOWS\SYSTEM32\windows.storage.dll
0x00007ff8dcb20000 - 0x00007ff8dce75000 	C:\WINDOWS\System32\combase.dll
0x00007ff8da240000 - 0x00007ff8da26c000 	C:\WINDOWS\SYSTEM32\Wldp.dll
0x00007ff8dc1e0000 - 0x00007ff8dc28e000 	C:\WINDOWS\System32\SHCORE.dll
0x00007ff8dc290000 - 0x00007ff8dc2e5000 	C:\WINDOWS\System32\shlwapi.dll
0x00007ff8da710000 - 0x00007ff8da72f000 	C:\WINDOWS\SYSTEM32\profapi.dll
0x00007ff8c9130000 - 0x00007ff8c913a000 	C:\Program Files\Java\jdk-11.0.11\bin\dt_socket.dll
0x00007ff8d9fb0000 - 0x00007ff8da01a000 	C:\WINDOWS\System32\mswsock.dll
0x00007ff8d9c90000 - 0x00007ff8d9d5c000 	C:\WINDOWS\SYSTEM32\DNSAPI.dll
0x00007ff8d9c50000 - 0x00007ff8d9c8b000 	C:\WINDOWS\SYSTEM32\IPHLPAPI.DLL
0x00007ff8dce80000 - 0x00007ff8dce88000 	C:\WINDOWS\System32\NSI.dll
0x00007ff8c8f70000 - 0x00007ff8c8fef000 	C:\WINDOWS\System32\fwpuclnt.dll
0x00007ff8da940000 - 0x00007ff8da967000 	C:\WINDOWS\System32\bcrypt.dll
0x00007ff8ccb80000 - 0x00007ff8ccb8a000 	C:\Windows\System32\rasadhlp.dll
0x00007ff8abc50000 - 0x00007ff8abc69000 	C:\Program Files\Java\jdk-11.0.11\bin\net.dll
0x00007ff8cb7b0000 - 0x00007ff8cb8bb000 	C:\WINDOWS\SYSTEM32\WINHTTP.dll
0x00007ff8a5130000 - 0x00007ff8a5142000 	C:\Program Files\Java\jdk-11.0.11\bin\nio.dll
0x00007ff8c6670000 - 0x00007ff8c667d000 	C:\Program Files\Java\jdk-11.0.11\bin\sunmscapi.dll
0x00007ff8daec0000 - 0x00007ff8db01f000 	C:\WINDOWS\System32\CRYPT32.dll
0x00007ff8da2b0000 - 0x00007ff8da2d7000 	C:\WINDOWS\SYSTEM32\ncrypt.dll
0x00007ff8da270000 - 0x00007ff8da2ab000 	C:\WINDOWS\SYSTEM32\NTASN1.dll
0x00007ff89b830000 - 0x00007ff89b855000 	C:\Program Files\Java\jdk-11.0.11\bin\sunec.dll

dbghelp: loaded successfully - version: 4.0.5 - missing functions: none
symbol engine: initialized successfully - sym options: 0x614 - pdb path: .;C:\Program Files\Java\jdk-11.0.11\bin;C:\WINDOWS\SYSTEM32;C:\Program Files\Avast Software\Avast;C:\WINDOWS\WinSxS\amd64_microsoft.windows.common-controls_6595b64144ccf1df_6.0.19041.1052_none_60b8f8fd71f5e8cb;C:\Program Files\Java\jdk-11.0.11\bin\server

VM Arguments:
jvm_args: -agentlib:jdwp=transport=dt_socket,suspend=y,address=localhost:55871 -javaagent:C:\eclipse\configuration\org.eclipse.osgi\409\0\.cp\lib\javaagent-shaded.jar -Dfile.encoding=Cp1252 
java_command: cursojava.executavel.ArrayVetor
java_class_path (initial): C:\Users\klebe\git\repository\primeiro-programa-java\bin
Launcher Type: SUN_STANDARD

[Global flags]
     intx CICompilerCount                          = 4                                         {product} {ergonomic}
     uint ConcGCThreads                            = 2                                         {product} {ergonomic}
     uint G1ConcRefinementThreads                  = 8                                         {product} {ergonomic}
   size_t G1HeapRegionSize                         = 1048576                                   {product} {ergonomic}
    uintx GCDrainStackTargetSize                   = 64                                        {product} {ergonomic}
   size_t InitialHeapSize                          = 134217728                                 {product} {ergonomic}
   size_t MarkStackSize                            = 4194304                                   {product} {ergonomic}
   size_t MaxHeapSize                              = 2116026368                                {product} {ergonomic}
   size_t MaxNewSize                               = 1268776960                                {product} {ergonomic}
   size_t MinHeapDeltaBytes                        = 1048576                                   {product} {ergonomic}
    uintx NonNMethodCodeHeapSize                   = 5836300                                {pd product} {ergonomic}
    uintx NonProfiledCodeHeapSize                  = 122910970                              {pd product} {ergonomic}
    uintx ProfiledCodeHeapSize                     = 122910970                              {pd product} {ergonomic}
    uintx ReservedCodeCacheSize                    = 251658240                              {pd product} {ergonomic}
     bool SegmentedCodeCache                       = true                                      {product} {ergonomic}
     bool UseCompressedClassPointers               = true                                 {lp64_product} {ergonomic}
     bool UseCompressedOops                        = true                                 {lp64_product} {ergonomic}
     bool UseG1GC                                  = true                                      {product} {ergonomic}
     bool UseLargePagesIndividualAllocation        = false                                  {pd product} {ergonomic}

Logging:
Log output configuration:
 #0: stdout all=warning uptime,level,tags
 #1: stderr all=off uptime,level,tags

Environment Variables:
JAVA_HOME=C:\Program Files\Java\jdk-11.0.11
CLASSPATH=.;%C:\Program Files\Java\jdk-11.0.11%\lib;
PATH=C:/Program Files/Java/jre1.8.0_291/bin/server;C:/Program Files/Java/jre1.8.0_291/bin;C:/Program Files/Java/jre1.8.0_291/lib/amd64;C:\Program Files\Common Files\Oracle\Java\javapath;C:\Program Files (x86)\Common Files\Oracle\Java\javapath;C:\Program Files\Java\jdk;C:\WINDOWS\system32;C:\WINDOWS;C:\WINDOWS\System32\Wbem;C:\WINDOWS\System32\WindowsPowerShell\v1.0\;C:\WINDOWS\System32\OpenSSH\;C:\Program Files\Intel\WiFi\bin\;C:\Program Files\Common Files\Intel\WirelessCommon\;C:\Program Files (x86)\Intel\Intel(R) Management Engine Components\DAL;C:\Program Files\Intel\Intel(R) Management Engine Components\DAL;C:\Program Files\Microsoft SQL Server\130\Tools\Binn\;C:\Program Files\Microsoft SQL Server\Client SDK\ODBC\170\Tools\Binn\;C:\Program Files\dotnet\;C:\Program Files (x86)\Microsoft SQL Server\150\Tools\Binn\;C:\Program Files\Microsoft SQL Server\150\Tools\Binn\;C:\Program Files\Microsoft SQL Server\150\DTS\Binn\;C:\Program Files (x86)\Microsoft SQL Server\150\DTS\Binn\;C:\Program Files\Azure Data Studio\bin;C:\Program Files (x86)\dotnet\;C:\Program Files\Java\jdk-11.0.11\bin;C:\Users\klebe\AppData\Local\Programs\Python\Python39\Scripts\;C:\Users\klebe\AppData\Local\Programs\Python\Python39\;C:\Users\klebe\AppData\Local\Microsoft\WindowsApps;C:\Users\klebe\.dotnet\tools;C:\Program Files\Azure Data Studio\bin;C:\eclipse;
USERNAME=klebe
OS=Windows_NT
PROCESSOR_IDENTIFIER=Intel64 Family 6 Model 142 Stepping 12, GenuineIntel



---------------  S Y S T E M  ---------------

OS: Windows 10 , 64 bit Build 19041 (10.0.19041.1023)

CPU:total 8 (initial active 8) (4 cores per cpu, 2 threads per core) family 6 model 142 stepping 12 microcode 0xde, cmov, cx8, fxsr, mmx, sse, sse2, sse3, ssse3, sse4.1, sse4.2, popcnt, avx, avx2, aes, clmul, erms, 3dnowpref, lzcnt, ht, tsc, tscinvbit, bmi1, bmi2, adx, fma

Memory: 4k page, system-wide physical 8068M (2258M free)
TotalPageFile size 11396M (AvailPageFile size 3403M)
current process WorkingSet (physical memory assigned to process): 45M, peak: 49M
current process commit charge ("private bytes"): 210M, peak: 214M

vm_info: Java HotSpot(TM) 64-Bit Server VM (11.0.11+9-LTS-194) for windows-amd64 JRE (11.0.11+9-LTS-194), built on Mar 18 2021 18:46:53 by "mach5one" with MS VC++ 15.9 (VS2017)

END.
